[debug] [2025-11-17T03:42:57.452Z] ----------------------------------------------------------------------
[debug] [2025-11-17T03:42:57.456Z] Command:       /nix/store/ws50yvm6vzlzf7jzz6n7xh4szddrack1-nodejs-20.19.1/bin/node /nix/store/f77kilzcw5hh2gidh22k6pj8cp7pxp7h-firebase-tools-14.22.0/lib/node_modules/firebase-tools/lib/bin/firebase.js deploy --only apphosting --project pcg-2-8bf1b
[debug] [2025-11-17T03:42:57.457Z] CLI Version:   14.22.0
[debug] [2025-11-17T03:42:57.457Z] Platform:      linux
[debug] [2025-11-17T03:42:57.457Z] Node Version:  v20.19.1
[debug] [2025-11-17T03:42:57.458Z] Time:          Mon Nov 17 2025 03:42:57 GMT+0000 (Coordinated Universal Time)
[debug] [2025-11-17T03:42:57.458Z] ----------------------------------------------------------------------
[debug] 
[debug] [2025-11-17T03:42:58.515Z] Object "/apphosting" in "firebase.json" is missing required property: {"missingProperty":"backendId"}
[debug] [2025-11-17T03:42:58.516Z] Field "/apphosting" in "firebase.json" is possibly invalid: must be array
[debug] [2025-11-17T03:42:58.516Z] Field "/apphosting" in "firebase.json" is possibly invalid: must match a schema in anyOf
[debug] [2025-11-17T03:42:58.524Z] > command requires scopes: ["email","openid","https://www.googleapis.com/auth/cloudplatformprojects.readonly","https://www.googleapis.com/auth/firebase","https://www.googleapis.com/auth/cloud-platform","https://www.googleapis.com/auth/userinfo.email"]
[debug] [2025-11-17T03:42:58.526Z] > authorizing via signed-in user (pcordova@woken.cl)
[debug] [2025-11-17T03:42:58.526Z] [iam] checking project pcg-2-8bf1b for permissions ["firebase.projects.get",null]
[debug] [2025-11-17T03:42:58.528Z] No OAuth tokens found
[debug] [2025-11-17T03:42:58.529Z] No OAuth tokens found
[debug] [2025-11-17T03:42:58.529Z] > command requires scopes: ["email","openid","https://www.googleapis.com/auth/cloudplatformprojects.readonly","https://www.googleapis.com/auth/firebase","https://www.googleapis.com/auth/cloud-platform","https://www.googleapis.com/auth/userinfo.email"]
[debug] [2025-11-17T03:42:58.530Z] > authorizing via signed-in user (pcordova@woken.cl)
[debug] [2025-11-17T03:42:58.532Z] >>> [apiv2][query] POST https://cloudresourcemanager.googleapis.com/v1/projects/pcg-2-8bf1b:testIamPermissions [none]
[debug] [2025-11-17T03:42:58.532Z] >>> [apiv2][(partial)header] POST https://cloudresourcemanager.googleapis.com/v1/projects/pcg-2-8bf1b:testIamPermissions x-goog-quota-user=projects/pcg-2-8bf1b
[debug] [2025-11-17T03:42:58.533Z] >>> [apiv2][body] POST https://cloudresourcemanager.googleapis.com/v1/projects/pcg-2-8bf1b:testIamPermissions {"permissions":["firebase.projects.get",null]}
[debug] [2025-11-17T03:42:58.800Z] <<< [apiv2][status] POST https://cloudresourcemanager.googleapis.com/v1/projects/pcg-2-8bf1b:testIamPermissions 200
[debug] [2025-11-17T03:42:58.802Z] <<< [apiv2][body] POST https://cloudresourcemanager.googleapis.com/v1/projects/pcg-2-8bf1b:testIamPermissions {"permissions":["firebase.projects.get"]}
[debug] [2025-11-17T03:42:58.803Z] [iam] error while checking permissions, command may fail: Authorization failed. This account is missing the following required permissions on project pcg-2-8bf1b:

  
[info] 
[info] === Deploying to 'pcg-2-8bf1b'...
[info] 
[info] i  deploying apphosting 
[debug] [2025-11-17T03:42:58.827Z] No OAuth tokens found
[debug] [2025-11-17T03:42:58.827Z] No OAuth tokens found
[debug] [2025-11-17T03:42:58.827Z] > command requires scopes: ["email","openid","https://www.googleapis.com/auth/cloudplatformprojects.readonly","https://www.googleapis.com/auth/firebase","https://www.googleapis.com/auth/cloud-platform","https://www.googleapis.com/auth/userinfo.email"]
[debug] [2025-11-17T03:42:58.827Z] > authorizing via signed-in user (pcordova@woken.cl)
[debug] [2025-11-17T03:42:58.828Z] >>> [apiv2][query] GET https://serviceusage.googleapis.com/v1/projects/pcg-2-8bf1b/services/firebaseapphosting.googleapis.com [none]
[debug] [2025-11-17T03:42:58.828Z] >>> [apiv2][(partial)header] GET https://serviceusage.googleapis.com/v1/projects/pcg-2-8bf1b/services/firebaseapphosting.googleapis.com x-goog-quota-user=projects/pcg-2-8bf1b
[debug] [2025-11-17T03:42:58.965Z] <<< [apiv2][status] GET https://serviceusage.googleapis.com/v1/projects/pcg-2-8bf1b/services/firebaseapphosting.googleapis.com 200
[debug] [2025-11-17T03:42:58.965Z] <<< [apiv2][body] GET https://serviceusage.googleapis.com/v1/projects/pcg-2-8bf1b/services/firebaseapphosting.googleapis.com [omitted]
[debug] [2025-11-17T03:42:58.980Z] No OAuth tokens found
[debug] [2025-11-17T03:42:58.981Z] No OAuth tokens found
[debug] [2025-11-17T03:42:58.981Z] > command requires scopes: ["email","openid","https://www.googleapis.com/auth/cloudplatformprojects.readonly","https://www.googleapis.com/auth/firebase","https://www.googleapis.com/auth/cloud-platform","https://www.googleapis.com/auth/userinfo.email"]
[debug] [2025-11-17T03:42:58.981Z] > authorizing via signed-in user (pcordova@woken.cl)
[debug] [2025-11-17T03:42:58.981Z] No OAuth tokens found
[debug] [2025-11-17T03:42:58.981Z] No OAuth tokens found
[debug] [2025-11-17T03:42:58.981Z] > command requires scopes: ["email","openid","https://www.googleapis.com/auth/cloudplatformprojects.readonly","https://www.googleapis.com/auth/firebase","https://www.googleapis.com/auth/cloud-platform","https://www.googleapis.com/auth/userinfo.email"]
[debug] [2025-11-17T03:42:58.981Z] > authorizing via signed-in user (pcordova@woken.cl)
[debug] [2025-11-17T03:42:58.982Z] No OAuth tokens found
[debug] [2025-11-17T03:42:58.982Z] No OAuth tokens found
[debug] [2025-11-17T03:42:58.982Z] > command requires scopes: ["email","openid","https://www.googleapis.com/auth/cloudplatformprojects.readonly","https://www.googleapis.com/auth/firebase","https://www.googleapis.com/auth/cloud-platform","https://www.googleapis.com/auth/userinfo.email"]
[debug] [2025-11-17T03:42:58.982Z] > authorizing via signed-in user (pcordova@woken.cl)
[debug] [2025-11-17T03:42:58.983Z] No OAuth tokens found
[debug] [2025-11-17T03:42:58.983Z] No OAuth tokens found
[debug] [2025-11-17T03:42:58.983Z] > command requires scopes: ["email","openid","https://www.googleapis.com/auth/cloudplatformprojects.readonly","https://www.googleapis.com/auth/firebase","https://www.googleapis.com/auth/cloud-platform","https://www.googleapis.com/auth/userinfo.email"]
[debug] [2025-11-17T03:42:58.983Z] > authorizing via signed-in user (pcordova@woken.cl)
[debug] [2025-11-17T03:42:58.983Z] No OAuth tokens found
[debug] [2025-11-17T03:42:58.983Z] No OAuth tokens found
[debug] [2025-11-17T03:42:58.983Z] > command requires scopes: ["email","openid","https://www.googleapis.com/auth/cloudplatformprojects.readonly","https://www.googleapis.com/auth/firebase","https://www.googleapis.com/auth/cloud-platform","https://www.googleapis.com/auth/userinfo.email"]
[debug] [2025-11-17T03:42:58.984Z] > authorizing via signed-in user (pcordova@woken.cl)
[debug] [2025-11-17T03:42:58.984Z] No OAuth tokens found
[debug] [2025-11-17T03:42:58.984Z] No OAuth tokens found
[debug] [2025-11-17T03:42:58.984Z] > command requires scopes: ["email","openid","https://www.googleapis.com/auth/cloudplatformprojects.readonly","https://www.googleapis.com/auth/firebase","https://www.googleapis.com/auth/cloud-platform","https://www.googleapis.com/auth/userinfo.email"]
[debug] [2025-11-17T03:42:58.984Z] > authorizing via signed-in user (pcordova@woken.cl)
[debug] [2025-11-17T03:42:58.984Z] >>> [apiv2][query] GET https://serviceusage.googleapis.com/v1/projects/pcg-2-8bf1b/services/developerconnect.googleapis.com [none]
[debug] [2025-11-17T03:42:58.984Z] >>> [apiv2][(partial)header] GET https://serviceusage.googleapis.com/v1/projects/pcg-2-8bf1b/services/developerconnect.googleapis.com x-goog-quota-user=projects/pcg-2-8bf1b
[debug] [2025-11-17T03:42:58.986Z] >>> [apiv2][query] GET https://serviceusage.googleapis.com/v1/projects/pcg-2-8bf1b/services/cloudbuild.googleapis.com [none]
[debug] [2025-11-17T03:42:58.986Z] >>> [apiv2][(partial)header] GET https://serviceusage.googleapis.com/v1/projects/pcg-2-8bf1b/services/cloudbuild.googleapis.com x-goog-quota-user=projects/pcg-2-8bf1b
[debug] [2025-11-17T03:42:58.988Z] >>> [apiv2][query] GET https://serviceusage.googleapis.com/v1/projects/pcg-2-8bf1b/services/secretmanager.googleapis.com [none]
[debug] [2025-11-17T03:42:58.988Z] >>> [apiv2][(partial)header] GET https://serviceusage.googleapis.com/v1/projects/pcg-2-8bf1b/services/secretmanager.googleapis.com x-goog-quota-user=projects/pcg-2-8bf1b
[debug] [2025-11-17T03:42:58.990Z] >>> [apiv2][query] GET https://serviceusage.googleapis.com/v1/projects/pcg-2-8bf1b/services/run.googleapis.com [none]
[debug] [2025-11-17T03:42:58.990Z] >>> [apiv2][(partial)header] GET https://serviceusage.googleapis.com/v1/projects/pcg-2-8bf1b/services/run.googleapis.com x-goog-quota-user=projects/pcg-2-8bf1b
[debug] [2025-11-17T03:42:58.992Z] >>> [apiv2][query] GET https://serviceusage.googleapis.com/v1/projects/pcg-2-8bf1b/services/artifactregistry.googleapis.com [none]
[debug] [2025-11-17T03:42:58.992Z] >>> [apiv2][(partial)header] GET https://serviceusage.googleapis.com/v1/projects/pcg-2-8bf1b/services/artifactregistry.googleapis.com x-goog-quota-user=projects/pcg-2-8bf1b
[debug] [2025-11-17T03:42:58.994Z] >>> [apiv2][query] GET https://serviceusage.googleapis.com/v1/projects/pcg-2-8bf1b/services/iam.googleapis.com [none]
[debug] [2025-11-17T03:42:58.995Z] >>> [apiv2][(partial)header] GET https://serviceusage.googleapis.com/v1/projects/pcg-2-8bf1b/services/iam.googleapis.com x-goog-quota-user=projects/pcg-2-8bf1b
[debug] [2025-11-17T03:42:59.103Z] <<< [apiv2][status] GET https://serviceusage.googleapis.com/v1/projects/pcg-2-8bf1b/services/developerconnect.googleapis.com 200
[debug] [2025-11-17T03:42:59.103Z] <<< [apiv2][body] GET https://serviceusage.googleapis.com/v1/projects/pcg-2-8bf1b/services/developerconnect.googleapis.com [omitted]
[debug] [2025-11-17T03:42:59.134Z] <<< [apiv2][status] GET https://serviceusage.googleapis.com/v1/projects/pcg-2-8bf1b/services/cloudbuild.googleapis.com 200
[debug] [2025-11-17T03:42:59.140Z] <<< [apiv2][body] GET https://serviceusage.googleapis.com/v1/projects/pcg-2-8bf1b/services/cloudbuild.googleapis.com [omitted]
[debug] [2025-11-17T03:42:59.157Z] <<< [apiv2][status] GET https://serviceusage.googleapis.com/v1/projects/pcg-2-8bf1b/services/artifactregistry.googleapis.com 200
[debug] [2025-11-17T03:42:59.158Z] <<< [apiv2][body] GET https://serviceusage.googleapis.com/v1/projects/pcg-2-8bf1b/services/artifactregistry.googleapis.com [omitted]
[debug] [2025-11-17T03:42:59.187Z] <<< [apiv2][status] GET https://serviceusage.googleapis.com/v1/projects/pcg-2-8bf1b/services/secretmanager.googleapis.com 200
[debug] [2025-11-17T03:42:59.190Z] <<< [apiv2][body] GET https://serviceusage.googleapis.com/v1/projects/pcg-2-8bf1b/services/secretmanager.googleapis.com [omitted]
[debug] [2025-11-17T03:42:59.205Z] <<< [apiv2][status] GET https://serviceusage.googleapis.com/v1/projects/pcg-2-8bf1b/services/run.googleapis.com 200
[debug] [2025-11-17T03:42:59.206Z] <<< [apiv2][body] GET https://serviceusage.googleapis.com/v1/projects/pcg-2-8bf1b/services/run.googleapis.com [omitted]
[debug] [2025-11-17T03:42:59.224Z] <<< [apiv2][status] GET https://serviceusage.googleapis.com/v1/projects/pcg-2-8bf1b/services/iam.googleapis.com 200
[debug] [2025-11-17T03:42:59.226Z] <<< [apiv2][body] GET https://serviceusage.googleapis.com/v1/projects/pcg-2-8bf1b/services/iam.googleapis.com [omitted]
[debug] [2025-11-17T03:42:59.240Z] No OAuth tokens found
[debug] [2025-11-17T03:42:59.240Z] No OAuth tokens found
[debug] [2025-11-17T03:42:59.241Z] > command requires scopes: ["email","openid","https://www.googleapis.com/auth/cloudplatformprojects.readonly","https://www.googleapis.com/auth/firebase","https://www.googleapis.com/auth/cloud-platform","https://www.googleapis.com/auth/userinfo.email"]
[debug] [2025-11-17T03:42:59.241Z] > authorizing via signed-in user (pcordova@woken.cl)
[debug] [2025-11-17T03:42:59.241Z] >>> [apiv2][query] POST https://iam.googleapis.com/v1/projects/pcg-2-8bf1b/serviceAccounts/firebase-app-hosting-compute@pcg-2-8bf1b.iam.gserviceaccount.com:testIamPermissions [none]
[debug] [2025-11-17T03:42:59.241Z] >>> [apiv2][(partial)header] POST https://iam.googleapis.com/v1/projects/pcg-2-8bf1b/serviceAccounts/firebase-app-hosting-compute@pcg-2-8bf1b.iam.gserviceaccount.com:testIamPermissions x-goog-quota-user=projects/pcg-2-8bf1b
[debug] [2025-11-17T03:42:59.241Z] >>> [apiv2][body] POST https://iam.googleapis.com/v1/projects/pcg-2-8bf1b/serviceAccounts/firebase-app-hosting-compute@pcg-2-8bf1b.iam.gserviceaccount.com:testIamPermissions {"permissions":["iam.serviceAccounts.actAs"]}
[debug] [2025-11-17T03:42:59.346Z] <<< [apiv2][status] POST https://iam.googleapis.com/v1/projects/pcg-2-8bf1b/serviceAccounts/firebase-app-hosting-compute@pcg-2-8bf1b.iam.gserviceaccount.com:testIamPermissions 200
[debug] [2025-11-17T03:42:59.346Z] <<< [apiv2][body] POST https://iam.googleapis.com/v1/projects/pcg-2-8bf1b/serviceAccounts/firebase-app-hosting-compute@pcg-2-8bf1b.iam.gserviceaccount.com:testIamPermissions {"permissions":["iam.serviceAccounts.actAs"]}
[debug] [2025-11-17T03:42:59.353Z] No OAuth tokens found
[debug] [2025-11-17T03:42:59.353Z] No OAuth tokens found
[debug] [2025-11-17T03:42:59.354Z] > command requires scopes: ["email","openid","https://www.googleapis.com/auth/cloudplatformprojects.readonly","https://www.googleapis.com/auth/firebase","https://www.googleapis.com/auth/cloud-platform","https://www.googleapis.com/auth/userinfo.email"]
[debug] [2025-11-17T03:42:59.354Z] > authorizing via signed-in user (pcordova@woken.cl)
[debug] [2025-11-17T03:42:59.354Z] >>> [apiv2][query] POST https://iam.googleapis.com/v1/projects/pcg-2-8bf1b/serviceAccounts [none]
[debug] [2025-11-17T03:42:59.354Z] >>> [apiv2][body] POST https://iam.googleapis.com/v1/projects/pcg-2-8bf1b/serviceAccounts {"accountId":"firebase-app-hosting-compute","serviceAccount":{"displayName":"Firebase App Hosting compute service account","description":"Default service account used to run builds and deploys for Firebase App Hosting"}}
[debug] [2025-11-17T03:42:59.549Z] <<< [apiv2][status] POST https://iam.googleapis.com/v1/projects/pcg-2-8bf1b/serviceAccounts 409
[debug] [2025-11-17T03:42:59.550Z] <<< [apiv2][body] POST https://iam.googleapis.com/v1/projects/pcg-2-8bf1b/serviceAccounts [omitted]
[debug] [2025-11-17T03:42:59.553Z] No OAuth tokens found
[debug] [2025-11-17T03:42:59.553Z] No OAuth tokens found
[debug] [2025-11-17T03:42:59.555Z] > command requires scopes: ["email","openid","https://www.googleapis.com/auth/cloudplatformprojects.readonly","https://www.googleapis.com/auth/firebase","https://www.googleapis.com/auth/cloud-platform","https://www.googleapis.com/auth/userinfo.email"]
[debug] [2025-11-17T03:42:59.556Z] > authorizing via signed-in user (pcordova@woken.cl)
[debug] [2025-11-17T03:42:59.556Z] >>> [apiv2][query] POST https://cloudresourcemanager.googleapis.com/v1/projects/pcg-2-8bf1b:getIamPolicy [none]
[debug] [2025-11-17T03:42:59.736Z] <<< [apiv2][status] POST https://cloudresourcemanager.googleapis.com/v1/projects/pcg-2-8bf1b:getIamPolicy 200
[debug] [2025-11-17T03:42:59.737Z] <<< [apiv2][body] POST https://cloudresourcemanager.googleapis.com/v1/projects/pcg-2-8bf1b:getIamPolicy {"version":1,"etag":"BwZDqwbOndc=","bindings":[{"role":"roles/artifactregistry.serviceAgent","members":["serviceAccount:service-133669944318@gcp-sa-artifactregistry.iam.gserviceaccount.com"]},{"role":"roles/cloudaicompanion.serviceAgent","members":["serviceAccount:service-133669944318@gcp-sa-cloudaicompanion.iam.gserviceaccount.com"]},{"role":"roles/cloudbuild.builds.builder","members":["serviceAccount:133669944318@cloudbuild.gserviceaccount.com"]},{"role":"roles/cloudbuild.serviceAgent","members":["serviceAccount:service-133669944318@gcp-sa-cloudbuild.iam.gserviceaccount.com"]},{"role":"roles/cloudfunctions.admin","members":["serviceAccount:firebase-adminsdk-fbsvc@pcg-2-8bf1b.iam.gserviceaccount.com"]},{"role":"roles/cloudfunctions.serviceAgent","members":["serviceAccount:service-133669944318@gcf-admin-robot.iam.gserviceaccount.com"]},{"role":"roles/compute.serviceAgent","members":["serviceAccount:service-133669944318@compute-system.iam.gserviceaccount.com"]},{"role":"roles/containerregistry.ServiceAgent","members":["serviceAccount:service-133669944318@containerregistry.iam.gserviceaccount.com"]},{"role":"roles/datastore.user","members":["serviceAccount:ext-firestore-send-email@pcg-2-8bf1b.iam.gserviceaccount.com"]},{"role":"roles/developerconnect.readTokenAccessor","members":["serviceAccount:firebase-app-hosting-compute@pcg-2-8bf1b.iam.gserviceaccount.com"]},{"role":"roles/developerconnect.serviceAgent","members":["serviceAccount:service-133669944318@gcp-sa-devconnect.iam.gserviceaccount.com"]},{"role":"roles/editor","members":["serviceAccount:133669944318-compute@developer.gserviceaccount.com","serviceAccount:133669944318@cloudservices.gserviceaccount.com"]},{"role":"roles/eventarc.eventReceiver","members":["serviceAccount:133669944318-compute@developer.gserviceaccount.com"]},{"role":"roles/eventarc.publisher","members":["serviceAccount:ext-firestore-send-email@pcg-2-8bf1b.iam.gserviceaccount.com"]},{"role":"roles/eventarc.serviceAgent","members":["serviceAccount:service-133669944318@gcp-sa-eventarc.iam.gserviceaccount.com"]},{"role":"roles/firebase.managementServiceAgent","members":["serviceAccount:service-133669944318@gcp-sa-firebase.iam.gserviceaccount.com"]},{"role":"roles/firebase.sdkAdminServiceAgent","members":["serviceAccount:firebase-adminsdk-fbsvc@pcg-2-8bf1b.iam.gserviceaccount.com","serviceAccount:firebase-app-hosting-compute@pcg-2-8bf1b.iam.gserviceaccount.com"]},{"role":"roles/firebaseapphosting.computeRunner","members":["serviceAccount:firebase-app-hosting-compute@pcg-2-8bf1b.iam.gserviceaccount.com"]},{"role":"roles/firebaseapphosting.serviceAgent","members":["serviceAccount:service-133669944318@gcp-sa-firebaseapphosting.iam.gserviceaccount.com"]},{"role":"roles/firebaseauth.admin","members":["serviceAccount:firebase-adminsdk-fbsvc@pcg-2-8bf1b.iam.gserviceaccount.com"]},{"role":"roles/firebasemods.serviceAgent","members":["serviceAccount:service-133669944318@gcp-sa-firebasemods.iam.gserviceaccount.com"]},{"role":"roles/firebaserules.system","members":["serviceAccount:service-133669944318@firebase-rules.iam.gserviceaccount.com"]},{"role":"roles/firebasestorage.serviceAgent","members":["serviceAccount:service-133669944318@gcp-sa-firebasestorage.iam.gserviceaccount.com"]},{"role":"roles/firestore.serviceAgent","members":["serviceAccount:service-133669944318@gcp-sa-firestore.iam.gserviceaccount.com"]},{"role":"roles/iam.serviceAccountTokenCreator","members":["serviceAccount:firebase-adminsdk-fbsvc@pcg-2-8bf1b.iam.gserviceaccount.com"]},{"role":"roles/owner","members":["user:pcordova@woken.cl"]},{"role":"roles/pubsub.serviceAgent","members":["serviceAccount:service-133669944318@gcp-sa-pubsub.iam.gserviceaccount.com"]},{"role":"roles/run.serviceAgent","members":["serviceAccount:service-133669944318@serverless-robot-prod.iam.gserviceaccount.com"]},{"role":"roles/secretmanager.admin_withcond_a665a3d8048af59a223f","members":["serviceAccount:service-133669944318@gcp-sa-devconnect.iam.gserviceaccount.com"]},{"role":"roles/storage.admin","members":["serviceAccount:firebase-adminsdk-fbsvc@pcg-2-8bf1b.iam.gserviceaccount.com"]}]}
[debug] [2025-11-17T03:42:59.742Z] No OAuth tokens found
[debug] [2025-11-17T03:42:59.742Z] No OAuth tokens found
[debug] [2025-11-17T03:42:59.742Z] > command requires scopes: ["email","openid","https://www.googleapis.com/auth/cloudplatformprojects.readonly","https://www.googleapis.com/auth/firebase","https://www.googleapis.com/auth/cloud-platform","https://www.googleapis.com/auth/userinfo.email"]
[debug] [2025-11-17T03:42:59.743Z] > authorizing via signed-in user (pcordova@woken.cl)
[debug] [2025-11-17T03:42:59.743Z] >>> [apiv2][query] POST https://cloudresourcemanager.googleapis.com/v1/projects/pcg-2-8bf1b:setIamPolicy [none]
[debug] [2025-11-17T03:42:59.745Z] >>> [apiv2][body] POST https://cloudresourcemanager.googleapis.com/v1/projects/pcg-2-8bf1b:setIamPolicy {"policy":{"version":1,"etag":"BwZDqwbOndc=","bindings":[{"role":"roles/artifactregistry.serviceAgent","members":["serviceAccount:service-133669944318@gcp-sa-artifactregistry.iam.gserviceaccount.com"]},{"role":"roles/cloudaicompanion.serviceAgent","members":["serviceAccount:service-133669944318@gcp-sa-cloudaicompanion.iam.gserviceaccount.com"]},{"role":"roles/cloudbuild.builds.builder","members":["serviceAccount:133669944318@cloudbuild.gserviceaccount.com"]},{"role":"roles/cloudbuild.serviceAgent","members":["serviceAccount:service-133669944318@gcp-sa-cloudbuild.iam.gserviceaccount.com"]},{"role":"roles/cloudfunctions.admin","members":["serviceAccount:firebase-adminsdk-fbsvc@pcg-2-8bf1b.iam.gserviceaccount.com"]},{"role":"roles/cloudfunctions.serviceAgent","members":["serviceAccount:service-133669944318@gcf-admin-robot.iam.gserviceaccount.com"]},{"role":"roles/compute.serviceAgent","members":["serviceAccount:service-133669944318@compute-system.iam.gserviceaccount.com"]},{"role":"roles/containerregistry.ServiceAgent","members":["serviceAccount:service-133669944318@containerregistry.iam.gserviceaccount.com"]},{"role":"roles/datastore.user","members":["serviceAccount:ext-firestore-send-email@pcg-2-8bf1b.iam.gserviceaccount.com"]},{"role":"roles/developerconnect.readTokenAccessor","members":["serviceAccount:firebase-app-hosting-compute@pcg-2-8bf1b.iam.gserviceaccount.com"]},{"role":"roles/developerconnect.serviceAgent","members":["serviceAccount:service-133669944318@gcp-sa-devconnect.iam.gserviceaccount.com"]},{"role":"roles/editor","members":["serviceAccount:133669944318-compute@developer.gserviceaccount.com","serviceAccount:133669944318@cloudservices.gserviceaccount.com"]},{"role":"roles/eventarc.eventReceiver","members":["serviceAccount:133669944318-compute@developer.gserviceaccount.com"]},{"role":"roles/eventarc.publisher","members":["serviceAccount:ext-firestore-send-email@pcg-2-8bf1b.iam.gserviceaccount.com"]},{"role":"roles/eventarc.serviceAgent","members":["serviceAccount:service-133669944318@gcp-sa-eventarc.iam.gserviceaccount.com"]},{"role":"roles/firebase.managementServiceAgent","members":["serviceAccount:service-133669944318@gcp-sa-firebase.iam.gserviceaccount.com"]},{"role":"roles/firebase.sdkAdminServiceAgent","members":["serviceAccount:firebase-adminsdk-fbsvc@pcg-2-8bf1b.iam.gserviceaccount.com","serviceAccount:firebase-app-hosting-compute@pcg-2-8bf1b.iam.gserviceaccount.com"]},{"role":"roles/firebaseapphosting.computeRunner","members":["serviceAccount:firebase-app-hosting-compute@pcg-2-8bf1b.iam.gserviceaccount.com"]},{"role":"roles/firebaseapphosting.serviceAgent","members":["serviceAccount:service-133669944318@gcp-sa-firebaseapphosting.iam.gserviceaccount.com"]},{"role":"roles/firebaseauth.admin","members":["serviceAccount:firebase-adminsdk-fbsvc@pcg-2-8bf1b.iam.gserviceaccount.com"]},{"role":"roles/firebasemods.serviceAgent","members":["serviceAccount:service-133669944318@gcp-sa-firebasemods.iam.gserviceaccount.com"]},{"role":"roles/firebaserules.system","members":["serviceAccount:service-133669944318@firebase-rules.iam.gserviceaccount.com"]},{"role":"roles/firebasestorage.serviceAgent","members":["serviceAccount:service-133669944318@gcp-sa-firebasestorage.iam.gserviceaccount.com"]},{"role":"roles/firestore.serviceAgent","members":["serviceAccount:service-133669944318@gcp-sa-firestore.iam.gserviceaccount.com"]},{"role":"roles/iam.serviceAccountTokenCreator","members":["serviceAccount:firebase-adminsdk-fbsvc@pcg-2-8bf1b.iam.gserviceaccount.com"]},{"role":"roles/owner","members":["user:pcordova@woken.cl"]},{"role":"roles/pubsub.serviceAgent","members":["serviceAccount:service-133669944318@gcp-sa-pubsub.iam.gserviceaccount.com"]},{"role":"roles/run.serviceAgent","members":["serviceAccount:service-133669944318@serverless-robot-prod.iam.gserviceaccount.com"]},{"role":"roles/secretmanager.admin_withcond_a665a3d8048af59a223f","members":["serviceAccount:service-133669944318@gcp-sa-devconnect.iam.gserviceaccount.com"]},{"role":"roles/storage.admin","members":["serviceAccount:firebase-adminsdk-fbsvc@pcg-2-8bf1b.iam.gserviceaccount.com"]},{"role":"roles/storage.objectViewer","members":["serviceAccount:firebase-app-hosting-compute@pcg-2-8bf1b.iam.gserviceaccount.com"]}]},"updateMask":"bindings"}
[debug] [2025-11-17T03:43:00.425Z] <<< [apiv2][status] POST https://cloudresourcemanager.googleapis.com/v1/projects/pcg-2-8bf1b:setIamPolicy 200
[debug] [2025-11-17T03:43:00.425Z] <<< [apiv2][body] POST https://cloudresourcemanager.googleapis.com/v1/projects/pcg-2-8bf1b:setIamPolicy {"version":1,"etag":"BwZDwiTNN5I=","bindings":[{"role":"roles/artifactregistry.serviceAgent","members":["serviceAccount:service-133669944318@gcp-sa-artifactregistry.iam.gserviceaccount.com"]},{"role":"roles/cloudaicompanion.serviceAgent","members":["serviceAccount:service-133669944318@gcp-sa-cloudaicompanion.iam.gserviceaccount.com"]},{"role":"roles/cloudbuild.builds.builder","members":["serviceAccount:133669944318@cloudbuild.gserviceaccount.com"]},{"role":"roles/cloudbuild.serviceAgent","members":["serviceAccount:service-133669944318@gcp-sa-cloudbuild.iam.gserviceaccount.com"]},{"role":"roles/cloudfunctions.admin","members":["serviceAccount:firebase-adminsdk-fbsvc@pcg-2-8bf1b.iam.gserviceaccount.com"]},{"role":"roles/cloudfunctions.serviceAgent","members":["serviceAccount:service-133669944318@gcf-admin-robot.iam.gserviceaccount.com"]},{"role":"roles/compute.serviceAgent","members":["serviceAccount:service-133669944318@compute-system.iam.gserviceaccount.com"]},{"role":"roles/containerregistry.ServiceAgent","members":["serviceAccount:service-133669944318@containerregistry.iam.gserviceaccount.com"]},{"role":"roles/datastore.user","members":["serviceAccount:ext-firestore-send-email@pcg-2-8bf1b.iam.gserviceaccount.com"]},{"role":"roles/developerconnect.readTokenAccessor","members":["serviceAccount:firebase-app-hosting-compute@pcg-2-8bf1b.iam.gserviceaccount.com"]},{"role":"roles/developerconnect.serviceAgent","members":["serviceAccount:service-133669944318@gcp-sa-devconnect.iam.gserviceaccount.com"]},{"role":"roles/editor","members":["serviceAccount:133669944318-compute@developer.gserviceaccount.com","serviceAccount:133669944318@cloudservices.gserviceaccount.com"]},{"role":"roles/eventarc.eventReceiver","members":["serviceAccount:133669944318-compute@developer.gserviceaccount.com"]},{"role":"roles/eventarc.publisher","members":["serviceAccount:ext-firestore-send-email@pcg-2-8bf1b.iam.gserviceaccount.com"]},{"role":"roles/eventarc.serviceAgent","members":["serviceAccount:service-133669944318@gcp-sa-eventarc.iam.gserviceaccount.com"]},{"role":"roles/firebase.managementServiceAgent","members":["serviceAccount:service-133669944318@gcp-sa-firebase.iam.gserviceaccount.com"]},{"role":"roles/firebase.sdkAdminServiceAgent","members":["serviceAccount:firebase-adminsdk-fbsvc@pcg-2-8bf1b.iam.gserviceaccount.com","serviceAccount:firebase-app-hosting-compute@pcg-2-8bf1b.iam.gserviceaccount.com"]},{"role":"roles/firebaseapphosting.computeRunner","members":["serviceAccount:firebase-app-hosting-compute@pcg-2-8bf1b.iam.gserviceaccount.com"]},{"role":"roles/firebaseapphosting.serviceAgent","members":["serviceAccount:service-133669944318@gcp-sa-firebaseapphosting.iam.gserviceaccount.com"]},{"role":"roles/firebaseauth.admin","members":["serviceAccount:firebase-adminsdk-fbsvc@pcg-2-8bf1b.iam.gserviceaccount.com"]},{"role":"roles/firebasemods.serviceAgent","members":["serviceAccount:service-133669944318@gcp-sa-firebasemods.iam.gserviceaccount.com"]},{"role":"roles/firebaserules.system","members":["serviceAccount:service-133669944318@firebase-rules.iam.gserviceaccount.com"]},{"role":"roles/firebasestorage.serviceAgent","members":["serviceAccount:service-133669944318@gcp-sa-firebasestorage.iam.gserviceaccount.com"]},{"role":"roles/firestore.serviceAgent","members":["serviceAccount:service-133669944318@gcp-sa-firestore.iam.gserviceaccount.com"]},{"role":"roles/iam.serviceAccountTokenCreator","members":["serviceAccount:firebase-adminsdk-fbsvc@pcg-2-8bf1b.iam.gserviceaccount.com"]},{"role":"roles/owner","members":["user:pcordova@woken.cl"]},{"role":"roles/pubsub.serviceAgent","members":["serviceAccount:service-133669944318@gcp-sa-pubsub.iam.gserviceaccount.com"]},{"role":"roles/run.serviceAgent","members":["serviceAccount:service-133669944318@serverless-robot-prod.iam.gserviceaccount.com"]},{"role":"roles/secretmanager.admin_withcond_a665a3d8048af59a223f","members":["serviceAccount:service-133669944318@gcp-sa-devconnect.iam.gserviceaccount.com"]},{"role":"roles/storage.admin","members":["serviceAccount:firebase-adminsdk-fbsvc@pcg-2-8bf1b.iam.gserviceaccount.com"]},{"role":"roles/storage.objectViewer","members":["serviceAccount:firebase-app-hosting-compute@pcg-2-8bf1b.iam.gserviceaccount.com"]}]}
[debug] [2025-11-17T03:43:00.426Z] No OAuth tokens found
[debug] [2025-11-17T03:43:00.426Z] No OAuth tokens found
[debug] [2025-11-17T03:43:00.427Z] > command requires scopes: ["email","openid","https://www.googleapis.com/auth/cloudplatformprojects.readonly","https://www.googleapis.com/auth/firebase","https://www.googleapis.com/auth/cloud-platform","https://www.googleapis.com/auth/userinfo.email"]
[debug] [2025-11-17T03:43:00.427Z] > authorizing via signed-in user (pcordova@woken.cl)
[debug] [2025-11-17T03:43:00.430Z] >>> [apiv2][query] GET https://firebaseapphosting.googleapis.com/v1beta/projects/pcg-2-8bf1b/locations/-/backends 
[debug] [2025-11-17T03:43:00.735Z] <<< [apiv2][status] GET https://firebaseapphosting.googleapis.com/v1beta/projects/pcg-2-8bf1b/locations/-/backends 200
[debug] [2025-11-17T03:43:00.735Z] <<< [apiv2][body] GET https://firebaseapphosting.googleapis.com/v1beta/projects/pcg-2-8bf1b/locations/-/backends {"backends":[{"name":"projects/pcg-2-8bf1b/locations/us-central1/backends/pcg2-0","createTime":"2025-11-13T03:58:39.281438445Z","updateTime":"2025-11-13T03:58:41.858144Z","uri":"pcg2-0--pcg-2-8bf1b.us-central1.hosted.app","codebase":{"repository":"projects/pcg-2-8bf1b/locations/us-central1/connections/apphosting-github-conn-mat4u/gitRepositoryLinks/pcordova-star-PCG-2","rootDirectory":"/"},"uid":"c59be244-0cf5-4008-9532-d1c1f9878a8a","etag":"eQpOqNLm2HFpoRMYI2oi3f5XQ7HNVfIv2HCJoEGlEAE","reconciling":false,"servingLocality":"GLOBAL_ACCESS","serviceAccount":"firebase-app-hosting-compute@pcg-2-8bf1b.iam.gserviceaccount.com","appId":"1:133669944318:web:0f6189b924324b6f3e1eaf"}]}
[debug] [2025-11-17T03:43:21.206Z] TypeError: Cannot read properties of undefined (reading 'name')
    at /nix/store/f77kilzcw5hh2gidh22k6pj8cp7pxp7h-firebase-tools-14.22.0/lib/node_modules/firebase-tools/node_modules/@inquirer/checkbox/dist/commonjs/index.js:51:29
    at Array.map (<anonymous>)
    at normalizeChoices (/nix/store/f77kilzcw5hh2gidh22k6pj8cp7pxp7h-firebase-tools-14.22.0/lib/node_modules/firebase-tools/node_modules/@inquirer/checkbox/dist/commonjs/index.js:39:20)
    at /nix/store/f77kilzcw5hh2gidh22k6pj8cp7pxp7h-firebase-tools-14.22.0/lib/node_modules/firebase-tools/node_modules/@inquirer/checkbox/dist/commonjs/index.js:69:52
    at /nix/store/f77kilzcw5hh2gidh22k6pj8cp7pxp7h-firebase-tools-14.22.0/lib/node_modules/firebase-tools/node_modules/@inquirer/core/dist/commonjs/lib/create-prompt.js:113:38
    at store.handleChange (/nix/store/f77kilzcw5hh2gidh22k6pj8cp7pxp7h-firebase-tools-14.22.0/lib/node_modules/firebase-tools/node_modules/@inquirer/core/dist/commonjs/lib/hook-engine.js:31:17)
    at cycle (/nix/store/f77kilzcw5hh2gidh22k6pj8cp7pxp7h-firebase-tools-14.22.0/lib/node_modules/firebase-tools/node_modules/@inquirer/core/dist/commonjs/lib/hook-engine.js:33:19)
    at /nix/store/f77kilzcw5hh2gidh22k6pj8cp7pxp7h-firebase-tools-14.22.0/lib/node_modules/firebase-tools/node_modules/@inquirer/core/dist/commonjs/lib/create-prompt.js:111:13
    at /nix/store/f77kilzcw5hh2gidh22k6pj8cp7pxp7h-firebase-tools-14.22.0/lib/node_modules/firebase-tools/node_modules/@inquirer/core/dist/commonjs/lib/hook-engine.js:35:16
    at AsyncLocalStorage.run (node:async_hooks:346:14)
[error] 
[error] Error: An unexpected error has occurred.
